{"level":"INFO","time":"2022-05-17T16:17:09.952+0800","caller":"web_app/main.go:36","msg":"init logger success"}
{"level":"INFO","time":"2022-05-17T16:18:28.979+0800","caller":"web_app/main.go:36","msg":"init logger success"}
{"level":"INFO","time":"2022-05-17T16:21:29.351+0800","caller":"web_app/main.go:36","msg":"init logger success"}
{"level":"INFO","time":"2022-05-17T16:21:58.571+0800","caller":"logger/logger.go:73","msg":"/","status":200,"method":"GET","path":"/","query":"","ip":"::1","user-agent":"Mozilla/5.0 (Macintosh; Intel Mac OS X 10_15_7) AppleWebKit/537.36 (KHTML, like Gecko) Chrome/101.0.4951.64 Safari/537.36","errors":"","cost":0.000157474}
{"level":"INFO","time":"2022-05-17T16:23:50.489+0800","caller":"logger/logger.go:73","msg":"/","status":200,"method":"GET","path":"/","query":"","ip":"::1","user-agent":"Mozilla/5.0 (Macintosh; Intel Mac OS X 10_15_7) AppleWebKit/537.36 (KHTML, like Gecko) Chrome/101.0.4951.64 Safari/537.36","errors":"","cost":0.000034891}
{"level":"INFO","time":"2022-05-17T16:23:52.883+0800","caller":"logger/logger.go:73","msg":"/","status":200,"method":"GET","path":"/","query":"","ip":"::1","user-agent":"Mozilla/5.0 (Macintosh; Intel Mac OS X 10_15_7) AppleWebKit/537.36 (KHTML, like Gecko) Chrome/101.0.4951.64 Safari/537.36","errors":"","cost":0.000031455}
{"level":"INFO","time":"2022-05-17T16:23:54.015+0800","caller":"logger/logger.go:73","msg":"/","status":200,"method":"GET","path":"/","query":"","ip":"::1","user-agent":"Mozilla/5.0 (Macintosh; Intel Mac OS X 10_15_7) AppleWebKit/537.36 (KHTML, like Gecko) Chrome/101.0.4951.64 Safari/537.36","errors":"","cost":0.000021646}
{"level":"INFO","time":"2022-05-17T16:23:54.270+0800","caller":"logger/logger.go:73","msg":"/","status":200,"method":"GET","path":"/","query":"","ip":"::1","user-agent":"Mozilla/5.0 (Macintosh; Intel Mac OS X 10_15_7) AppleWebKit/537.36 (KHTML, like Gecko) Chrome/101.0.4951.64 Safari/537.36","errors":"","cost":0.000032134}
{"level":"INFO","time":"2022-05-17T16:23:54.982+0800","caller":"logger/logger.go:73","msg":"/","status":200,"method":"GET","path":"/","query":"","ip":"::1","user-agent":"Mozilla/5.0 (Macintosh; Intel Mac OS X 10_15_7) AppleWebKit/537.36 (KHTML, like Gecko) Chrome/101.0.4951.64 Safari/537.36","errors":"","cost":0.000026737}
{"level":"INFO","time":"2022-05-17T16:23:56.015+0800","caller":"logger/logger.go:73","msg":"/","status":200,"method":"GET","path":"/","query":"","ip":"::1","user-agent":"Mozilla/5.0 (Macintosh; Intel Mac OS X 10_15_7) AppleWebKit/537.36 (KHTML, like Gecko) Chrome/101.0.4951.64 Safari/537.36","errors":"","cost":0.000020318}
{"level":"INFO","time":"2022-05-17T16:23:56.229+0800","caller":"logger/logger.go:73","msg":"/","status":200,"method":"GET","path":"/","query":"","ip":"::1","user-agent":"Mozilla/5.0 (Macintosh; Intel Mac OS X 10_15_7) AppleWebKit/537.36 (KHTML, like Gecko) Chrome/101.0.4951.64 Safari/537.36","errors":"","cost":0.000020079}
{"level":"INFO","time":"2022-05-17T16:24:07.214+0800","caller":"web_app/main.go:36","msg":"init logger success"}
{"level":"INFO","time":"2022-05-17T16:24:33.540+0800","caller":"logger/logger.go:73","msg":"/","status":200,"method":"GET","path":"/","query":"","ip":"::1","user-agent":"Mozilla/5.0 (Macintosh; Intel Mac OS X 10_15_7) AppleWebKit/537.36 (KHTML, like Gecko) Chrome/101.0.4951.64 Safari/537.36","errors":"","cost":0.000026622}
{"level":"INFO","time":"2022-05-17T16:27:36.561+0800","caller":"web_app/main.go:35","msg":"init logger success"}
{"level":"INFO","time":"2022-05-17T16:29:06.332+0800","caller":"web_app/main.go:74","msg":"Shutdown Server ..."}
{"level":"INFO","time":"2022-05-17T16:29:18.142+0800","caller":"web_app/main.go:35","msg":"init logger success"}
{"level":"INFO","time":"2022-05-17T16:32:45.779+0800","caller":"web_app/main.go:74","msg":"Shutdown Server ..."}
{"level":"INFO","time":"2022-05-17T16:32:45.780+0800","caller":"web_app/main.go:83","msg":"Server exiting"}
{"level":"INFO","time":"2022-05-17T16:32:49.130+0800","caller":"web_app/main.go:36","msg":"init logger success"}
{"level":"INFO","time":"2022-05-17T16:32:56.958+0800","caller":"logger/logger.go:73","msg":"/","status":200,"method":"GET","path":"/","query":"","ip":"::1","user-agent":"Mozilla/5.0 (Macintosh; Intel Mac OS X 10_15_7) AppleWebKit/537.36 (KHTML, like Gecko) Chrome/101.0.4951.64 Safari/537.36","errors":"","cost":0.000153481}
{"level":"INFO","time":"2022-05-17T16:32:57.586+0800","caller":"logger/logger.go:73","msg":"/","status":200,"method":"GET","path":"/","query":"","ip":"::1","user-agent":"Mozilla/5.0 (Macintosh; Intel Mac OS X 10_15_7) AppleWebKit/537.36 (KHTML, like Gecko) Chrome/101.0.4951.64 Safari/537.36","errors":"","cost":0.000016107}
{"level":"INFO","time":"2022-05-17T16:37:01.314+0800","caller":"web_app/main.go:75","msg":"Shutdown Server ..."}
{"level":"INFO","time":"2022-05-17T16:37:01.316+0800","caller":"web_app/main.go:84","msg":"Server exiting"}
{"level":"INFO","time":"2022-05-17T16:37:05.892+0800","caller":"web_app/main.go:35","msg":"init logger success"}
{"level":"INFO","time":"2022-05-17T16:41:26.290+0800","caller":"web_app/main.go:74","msg":"Shutdown Server ..."}
{"level":"INFO","time":"2022-05-17T16:41:26.292+0800","caller":"web_app/main.go:83","msg":"Server exiting"}
{"level":"INFO","time":"2022-05-17T16:41:44.047+0800","caller":"web_app/main.go:35","msg":"init logger success"}
{"level":"INFO","time":"2022-05-17T16:45:42.053+0800","caller":"web_app/main.go:35","msg":"init logger success"}
{"level":"INFO","time":"2022-05-17T16:52:22.107+0800","caller":"web_app/main.go:35","msg":"init logger success"}
{"level":"INFO","time":"2022-05-17T16:53:32.876+0800","caller":"web_app/main.go:35","msg":"init logger success"}
{"level":"INFO","time":"2022-05-17T16:56:20.764+0800","caller":"web_app/main.go:35","msg":"init logger success"}
{"level":"INFO","time":"2022-05-17T16:56:41.515+0800","caller":"logger/logger.go:73","msg":"/","status":200,"method":"GET","path":"/","query":"","ip":"::1","user-agent":"Mozilla/5.0 (Macintosh; Intel Mac OS X 10_15_7) AppleWebKit/537.36 (KHTML, like Gecko) Chrome/101.0.4951.64 Safari/537.36","errors":"","cost":0.000062323}
{"level":"INFO","time":"2022-05-17T17:02:12.902+0800","caller":"logger/logger.go:73","msg":"/","status":200,"method":"GET","path":"/","query":"","ip":"::1","user-agent":"Mozilla/5.0 (Macintosh; Intel Mac OS X 10_15_7) AppleWebKit/537.36 (KHTML, like Gecko) Chrome/101.0.4951.64 Safari/537.36","errors":"","cost":0.000010088}
{"level":"INFO","time":"2022-05-17T17:02:13.902+0800","caller":"logger/logger.go:73","msg":"/","status":200,"method":"GET","path":"/","query":"","ip":"::1","user-agent":"Mozilla/5.0 (Macintosh; Intel Mac OS X 10_15_7) AppleWebKit/537.36 (KHTML, like Gecko) Chrome/101.0.4951.64 Safari/537.36","errors":"","cost":0.000010772}
{"level":"INFO","time":"2022-05-17T17:02:14.156+0800","caller":"logger/logger.go:73","msg":"/","status":200,"method":"GET","path":"/","query":"","ip":"::1","user-agent":"Mozilla/5.0 (Macintosh; Intel Mac OS X 10_15_7) AppleWebKit/537.36 (KHTML, like Gecko) Chrome/101.0.4951.64 Safari/537.36","errors":"","cost":0.000008267}
{"level":"INFO","time":"2022-05-17T17:02:14.616+0800","caller":"logger/logger.go:73","msg":"/","status":200,"method":"GET","path":"/","query":"","ip":"::1","user-agent":"Mozilla/5.0 (Macintosh; Intel Mac OS X 10_15_7) AppleWebKit/537.36 (KHTML, like Gecko) Chrome/101.0.4951.64 Safari/537.36","errors":"","cost":0.000009576}
{"level":"INFO","time":"2022-05-17T17:27:05.515+0800","caller":"web_app/main.go:35","msg":"init logger success"}
{"level":"INFO","time":"2022-05-17T17:27:41.357+0800","caller":"logger/logger.go:73","msg":"/","status":200,"method":"GET","path":"/","query":"","ip":"127.0.0.1","user-agent":"Mozilla/5.0 (Macintosh; Intel Mac OS X 10_15_7) AppleWebKit/537.36 (KHTML, like Gecko) Chrome/101.0.4951.64 Safari/537.36","errors":"","cost":0.000070587}
{"level":"INFO","time":"2022-05-17T17:27:45.021+0800","caller":"logger/logger.go:73","msg":"/favicon.ico","status":404,"method":"GET","path":"/favicon.ico","query":"","ip":"127.0.0.1","user-agent":"Mozilla/5.0 (Macintosh; Intel Mac OS X 10_15_7) AppleWebKit/537.36 (KHTML, like Gecko) Chrome/101.0.4951.64 Safari/537.36","errors":"","cost":0.000000717}
{"level":"INFO","time":"2022-05-17T17:28:14.730+0800","caller":"web_app/main.go:74","msg":"Shutdown Server ..."}
{"level":"INFO","time":"2022-05-17T17:28:14.732+0800","caller":"web_app/main.go:83","msg":"Server exiting"}
